<?xml version="1.0" encoding="UTF-8"?>
<!-- Generated by org.testng.reporters.JUnitXMLReporter -->
<testsuite ignored="0" hostname="Sachin-Laptop" failures="0" tests="3" name="Test" time="19.397" errors="0" timestamp="2022-02-25T23:42:01 IST">
  <testcase classname="academy.HomePage" name="basePathNavigation" time="7.565"/>
  <testcase classname="academy.HomePage" name="basePathNavigation" time="4.501"/>
  <testcase classname="academy.Validatetestng" name="basePathNavigation" time="7.284"/>
</testsuite> <!-- Test -->
