<?xml version="1.0" encoding="UTF-8"?>
<testng-results ignored="0" total="3" passed="3" failed="0" skipped="0">
  <reporter-output>
  </reporter-output>
  <suite started-at="2022-03-03T16:10:28 IST" name="Suite" finished-at="2022-03-03T16:10:55 IST" duration-ms="26078">
    <groups>
    </groups>
    <test started-at="2022-03-03T16:10:28 IST" name="SmokeTest" finished-at="2022-03-03T16:10:39 IST" duration-ms="10232">
      <class name="academy.HomePage">
        <test-method is-config="true" signature="initTest()[pri:0, instance:academy.HomePage@512baff6]" started-at="2022-03-03T16:10:29 IST" name="initTest" finished-at="2022-03-03T16:10:33 IST" duration-ms="4752" status="PASS">
          <reporter-output>
          </reporter-output>
        </test-method> <!-- initTest -->
        <test-method signature="basePathNavigation(java.lang.String,java.lang.String)[pri:0, instance:academy.HomePage@512baff6]" started-at="2022-03-03T16:10:33 IST" name="basePathNavigation" data-provider="getData" finished-at="2022-03-03T16:10:37 IST" duration-ms="3477" status="PASS">
          <params>
            <param index="0">
              <value>
                <![CDATA[Restricted_user@dd.com]]>
              </value>
            </param>
            <param index="1">
              <value>
                <![CDATA[Test1]]>
              </value>
            </param>
          </params>
          <reporter-output>
          </reporter-output>
        </test-method> <!-- basePathNavigation -->
        <test-method signature="basePathNavigation(java.lang.String,java.lang.String)[pri:0, instance:academy.HomePage@512baff6]" started-at="2022-03-03T16:10:37 IST" name="basePathNavigation" data-provider="getData" finished-at="2022-03-03T16:10:39 IST" duration-ms="1870" status="PASS">
          <params>
            <param index="0">
              <value>
                <![CDATA[NonRestricted_user@dd.com]]>
              </value>
            </param>
            <param index="1">
              <value>
                <![CDATA[Test1]]>
              </value>
            </param>
          </params>
          <reporter-output>
          </reporter-output>
        </test-method> <!-- basePathNavigation -->
        <test-method is-config="true" signature="tearDown()[pri:0, instance:academy.HomePage@512baff6]" started-at="2022-03-03T16:10:39 IST" name="tearDown" finished-at="2022-03-03T16:10:39 IST" duration-ms="84" status="PASS">
          <reporter-output>
          </reporter-output>
        </test-method> <!-- tearDown -->
      </class> <!-- academy.HomePage -->
    </test> <!-- SmokeTest -->
    <test started-at="2022-03-03T16:10:39 IST" name="RegressionTest" finished-at="2022-03-03T16:10:55 IST" duration-ms="15445">
      <class name="academy.Validatetestng">
        <test-method is-config="true" signature="initTest()[pri:0, instance:academy.Validatetestng@2a7b6f69]" started-at="2022-03-03T16:10:39 IST" name="initTest" finished-at="2022-03-03T16:10:42 IST" duration-ms="2700" status="PASS">
          <reporter-output>
          </reporter-output>
        </test-method> <!-- initTest -->
        <test-method signature="basePathNavigation()[pri:0, instance:academy.Validatetestng@2a7b6f69]" started-at="2022-03-03T16:10:42 IST" name="basePathNavigation" finished-at="2022-03-03T16:10:50 IST" duration-ms="8533" status="PASS">
          <reporter-output>
          </reporter-output>
        </test-method> <!-- basePathNavigation -->
        <test-method is-config="true" signature="tearDown()[pri:0, instance:academy.Validatetestng@2a7b6f69]" started-at="2022-03-03T16:10:50 IST" name="tearDown" finished-at="2022-03-03T16:10:55 IST" duration-ms="4209" status="PASS">
          <reporter-output>
          </reporter-output>
        </test-method> <!-- tearDown -->
      </class> <!-- academy.Validatetestng -->
    </test> <!-- RegressionTest -->
  </suite> <!-- Suite -->
</testng-results>
